<?xml version="1.0" encoding="UTF-8"?>
<testsuite xmlns:xsi="http://www.w3.org/2001/XMLSchema-instance" xsi:noNamespaceSchemaLocation="https://maven.apache.org/surefire/maven-surefire-plugin/xsd/surefire-test-report-3.0.xsd" version="3.0" name="com.fag.GreetingResourceTest" time="7.349" tests="1" errors="0" skipped="0" failures="1">
  <properties>
    <property name="java.specification.version" value="20"/>
    <property name="sun.cpu.isalist" value="amd64"/>
    <property name="sun.jnu.encoding" value="Cp1252"/>
    <property name="test.url" value="http://localhost:8081"/>
    <property name="java.class.path" value="C:\Users\Clovis\eng-soft-arch-quarto-periodo-turma-b\Vinicius_Passos\calculadomvc\target\test-classes;C:\Users\Clovis\eng-soft-arch-quarto-periodo-turma-b\Vinicius_Passos\calculadomvc\target\classes;C:\Users\Clovis\.m2\repository\io\quarkus\quarkus-resteasy\3.2.4.Final\quarkus-resteasy-3.2.4.Final.jar;C:\Users\Clovis\.m2\repository\io\quarkus\quarkus-vertx-http\3.2.4.Final\quarkus-vertx-http-3.2.4.Final.jar;C:\Users\Clovis\.m2\repository\io\quarkus\quarkus-security-runtime-spi\3.2.4.Final\quarkus-security-runtime-spi-3.2.4.Final.jar;C:\Users\Clovis\.m2\repository\io\quarkus\quarkus-credentials\3.2.4.Final\quarkus-credentials-3.2.4.Final.jar;C:\Users\Clovis\.m2\repository\io\quarkus\quarkus-mutiny\3.2.4.Final\quarkus-mutiny-3.2.4.Final.jar;C:\Users\Clovis\.m2\repository\io\quarkus\quarkus-smallrye-context-propagation\3.2.4.Final\quarkus-smallrye-context-propagation-3.2.4.Final.jar;C:\Users\Clovis\.m2\repository\io\smallrye\smallrye-context-propagation\2.1.0\smallrye-context-propagation-2.1.0.jar;C:\Users\Clovis\.m2\repository\io\smallrye\smallrye-context-propagation-api\2.1.0\smallrye-context-propagation-api-2.1.0.jar;C:\Users\Clovis\.m2\repository\io\smallrye\smallrye-context-propagation-storage\2.1.0\smallrye-context-propagation-storage-2.1.0.jar;C:\Users\Clovis\.m2\repository\io\smallrye\reactive\mutiny-smallrye-context-propagation\2.3.1\mutiny-smallrye-context-propagation-2.3.1.jar;C:\Users\Clovis\.m2\repository\io\smallrye\common\smallrye-common-vertx-context\2.1.0\smallrye-common-vertx-context-2.1.0.jar;C:\Users\Clovis\.m2\repository\io\vertx\vertx-core\4.4.4\vertx-core-4.4.4.jar;C:\Users\Clovis\.m2\repository\io\netty\netty-common\4.1.94.Final\netty-common-4.1.94.Final.jar;C:\Users\Clovis\.m2\repository\io\netty\netty-buffer\4.1.94.Final\netty-buffer-4.1.94.Final.jar;C:\Users\Clovis\.m2\repository\io\netty\netty-transport\4.1.94.Final\netty-transport-4.1.94.Final.jar;C:\Users\Clovis\.m2\repository\io\netty\netty-handler\4.1.94.Final\netty-handler-4.1.94.Final.jar;C:\Users\Clovis\.m2\repository\io\netty\netty-transport-native-unix-common\4.1.94.Final\netty-transport-native-unix-common-4.1.94.Final.jar;C:\Users\Clovis\.m2\repository\io\netty\netty-handler-proxy\4.1.94.Final\netty-handler-proxy-4.1.94.Final.jar;C:\Users\Clovis\.m2\repository\io\netty\netty-codec-socks\4.1.94.Final\netty-codec-socks-4.1.94.Final.jar;C:\Users\Clovis\.m2\repository\io\netty\netty-codec-http\4.1.94.Final\netty-codec-http-4.1.94.Final.jar;C:\Users\Clovis\.m2\repository\io\netty\netty-codec-http2\4.1.94.Final\netty-codec-http2-4.1.94.Final.jar;C:\Users\Clovis\.m2\repository\io\netty\netty-resolver\4.1.94.Final\netty-resolver-4.1.94.Final.jar;C:\Users\Clovis\.m2\repository\io\netty\netty-resolver-dns\4.1.94.Final\netty-resolver-dns-4.1.94.Final.jar;C:\Users\Clovis\.m2\repository\io\netty\netty-codec-dns\4.1.94.Final\netty-codec-dns-4.1.94.Final.jar;C:\Users\Clovis\.m2\repository\com\fasterxml\jackson\core\jackson-core\2.15.2\jackson-core-2.15.2.jar;C:\Users\Clovis\.m2\repository\io\smallrye\common\smallrye-common-constraint\2.1.0\smallrye-common-constraint-2.1.0.jar;C:\Users\Clovis\.m2\repository\io\quarkus\quarkus-vertx-http-dev-console-runtime-spi\3.2.4.Final\quarkus-vertx-http-dev-console-runtime-spi-3.2.4.Final.jar;C:\Users\Clovis\.m2\repository\io\quarkus\security\quarkus-security\2.0.2.Final\quarkus-security-2.0.2.Final.jar;C:\Users\Clovis\.m2\repository\io\quarkus\quarkus-vertx\3.2.4.Final\quarkus-vertx-3.2.4.Final.jar;C:\Users\Clovis\.m2\repository\io\quarkus\quarkus-netty\3.2.4.Final\quarkus-netty-3.2.4.Final.jar;C:\Users\Clovis\.m2\repository\io\netty\netty-codec\4.1.94.Final\netty-codec-4.1.94.Final.jar;C:\Users\Clovis\.m2\repository\com\aayushatharva\brotli4j\brotli4j\1.12.0\brotli4j-1.12.0.jar;C:\Users\Clovis\.m2\repository\com\aayushatharva\brotli4j\service\1.12.0\service-1.12.0.jar;C:\Users\Clovis\.m2\repository\com\aayushatharva\brotli4j\native-windows-x86_64\1.12.0\native-windows-x86_64-1.12.0.jar;C:\Users\Clovis\.m2\repository\io\netty\netty-codec-haproxy\4.1.94.Final\netty-codec-haproxy-4.1.94.Final.jar;C:\Users\Clovis\.m2\repository\io\smallrye\common\smallrye-common-annotation\2.1.0\smallrye-common-annotation-2.1.0.jar;C:\Users\Clovis\.m2\repository\io\quarkus\quarkus-vertx-latebound-mdc-provider\3.2.4.Final\quarkus-vertx-latebound-mdc-provider-3.2.4.Final.jar;C:\Users\Clovis\.m2\repository\io\smallrye\reactive\smallrye-mutiny-vertx-core\3.5.0\smallrye-mutiny-vertx-core-3.5.0.jar;C:\Users\Clovis\.m2\repository\io\smallrye\reactive\smallrye-mutiny-vertx-runtime\3.5.0\smallrye-mutiny-vertx-runtime-3.5.0.jar;C:\Users\Clovis\.m2\repository\io\smallrye\reactive\vertx-mutiny-generator\3.5.0\vertx-mutiny-generator-3.5.0.jar;C:\Users\Clovis\.m2\repository\io\vertx\vertx-codegen\4.4.4\vertx-codegen-4.4.4.jar;C:\Users\Clovis\.m2\repository\io\smallrye\smallrye-fault-tolerance-vertx\6.2.6\smallrye-fault-tolerance-vertx-6.2.6.jar;C:\Users\Clovis\.m2\repository\io\smallrye\reactive\smallrye-mutiny-vertx-web\3.5.0\smallrye-mutiny-vertx-web-3.5.0.jar;C:\Users\Clovis\.m2\repository\io\smallrye\reactive\smallrye-mutiny-vertx-web-common\3.5.0\smallrye-mutiny-vertx-web-common-3.5.0.jar;C:\Users\Clovis\.m2\repository\io\smallrye\reactive\smallrye-mutiny-vertx-auth-common\3.5.0\smallrye-mutiny-vertx-auth-common-3.5.0.jar;C:\Users\Clovis\.m2\repository\io\smallrye\reactive\smallrye-mutiny-vertx-bridge-common\3.5.0\smallrye-mutiny-vertx-bridge-common-3.5.0.jar;C:\Users\Clovis\.m2\repository\io\smallrye\reactive\smallrye-mutiny-vertx-uri-template\3.5.0\smallrye-mutiny-vertx-uri-template-3.5.0.jar;C:\Users\Clovis\.m2\repository\io\vertx\vertx-uri-template\4.4.4\vertx-uri-template-4.4.4.jar;C:\Users\Clovis\.m2\repository\io\vertx\vertx-web\4.4.4\vertx-web-4.4.4.jar;C:\Users\Clovis\.m2\repository\io\vertx\vertx-web-common\4.4.4\vertx-web-common-4.4.4.jar;C:\Users\Clovis\.m2\repository\io\vertx\vertx-auth-common\4.4.4\vertx-auth-common-4.4.4.jar;C:\Users\Clovis\.m2\repository\io\vertx\vertx-bridge-common\4.4.4\vertx-bridge-common-4.4.4.jar;C:\Users\Clovis\.m2\repository\io\github\crac\org-crac\0.1.3\org-crac-0.1.3.jar;C:\Users\Clovis\.m2\repository\io\quarkus\quarkus-resteasy-server-common\3.2.4.Final\quarkus-resteasy-server-common-3.2.4.Final.jar;C:\Users\Clovis\.m2\repository\io\quarkus\quarkus-resteasy-common\3.2.4.Final\quarkus-resteasy-common-3.2.4.Final.jar;C:\Users\Clovis\.m2\repository\org\jboss\resteasy\resteasy-core\6.2.4.Final\resteasy-core-6.2.4.Final.jar;C:\Users\Clovis\.m2\repository\jakarta\xml\bind\jakarta.xml.bind-api\4.0.0\jakarta.xml.bind-api-4.0.0.jar;C:\Users\Clovis\.m2\repository\org\jboss\resteasy\resteasy-core-spi\6.2.4.Final\resteasy-core-spi-6.2.4.Final.jar;C:\Users\Clovis\.m2\repository\org\reactivestreams\reactive-streams\1.0.4\reactive-streams-1.0.4.jar;C:\Users\Clovis\.m2\repository\com\ibm\async\asyncutil\0.1.0\asyncutil-0.1.0.jar;C:\Users\Clovis\.m2\repository\org\eclipse\angus\angus-activation\2.0.1\angus-activation-2.0.1.jar;C:\Users\Clovis\.m2\repository\jakarta\activation\jakarta.activation-api\2.1.2\jakarta.activation-api-2.1.2.jar;C:\Users\Clovis\.m2\repository\jakarta\ws\rs\jakarta.ws.rs-api\3.1.0\jakarta.ws.rs-api-3.1.0.jar;C:\Users\Clovis\.m2\repository\org\jboss\resteasy\resteasy-cdi\6.2.4.Final\resteasy-cdi-6.2.4.Final.jar;C:\Users\Clovis\.m2\repository\org\jboss\weld\weld-api\5.0.SP2\weld-api-5.0.SP2.jar;C:\Users\Clovis\.m2\repository\org\jboss\resteasy\microprofile\microprofile-config\2.1.1.Final\microprofile-config-2.1.1.Final.jar;C:\Users\Clovis\.m2\repository\jakarta\servlet\jakarta.servlet-api\6.0.0\jakarta.servlet-api-6.0.0.jar;C:\Users\Clovis\.m2\repository\org\eclipse\microprofile\config\microprofile-config-api\3.0.3\microprofile-config-api-3.0.3.jar;C:\Users\Clovis\.m2\repository\jakarta\validation\jakarta.validation-api\3.0.2\jakarta.validation-api-3.0.2.jar;C:\Users\Clovis\.m2\repository\io\quarkus\quarkus-resteasy-qute\3.2.4.Final\quarkus-resteasy-qute-3.2.4.Final.jar;C:\Users\Clovis\.m2\repository\io\quarkus\quarkus-core\3.2.4.Final\quarkus-core-3.2.4.Final.jar;C:\Users\Clovis\.m2\repository\jakarta\annotation\jakarta.annotation-api\2.1.1\jakarta.annotation-api-2.1.1.jar;C:\Users\Clovis\.m2\repository\jakarta\enterprise\jakarta.enterprise.cdi-api\4.0.1\jakarta.enterprise.cdi-api-4.0.1.jar;C:\Users\Clovis\.m2\repository\jakarta\enterprise\jakarta.enterprise.lang-model\4.0.1\jakarta.enterprise.lang-model-4.0.1.jar;C:\Users\Clovis\.m2\repository\jakarta\el\jakarta.el-api\5.0.1\jakarta.el-api-5.0.1.jar;C:\Users\Clovis\.m2\repository\jakarta\interceptor\jakarta.interceptor-api\2.1.0\jakarta.interceptor-api-2.1.0.jar;C:\Users\Clovis\.m2\repository\jakarta\inject\jakarta.inject-api\2.0.1\jakarta.inject-api-2.0.1.jar;C:\Users\Clovis\.m2\repository\io\smallrye\common\smallrye-common-os\2.1.0\smallrye-common-os-2.1.0.jar;C:\Users\Clovis\.m2\repository\io\quarkus\quarkus-ide-launcher\3.2.4.Final\quarkus-ide-launcher-3.2.4.Final.jar;C:\Users\Clovis\.m2\repository\io\quarkus\quarkus-development-mode-spi\3.2.4.Final\quarkus-development-mode-spi-3.2.4.Final.jar;C:\Users\Clovis\.m2\repository\io\smallrye\config\smallrye-config\3.3.2\smallrye-config-3.3.2.jar;C:\Users\Clovis\.m2\repository\io\smallrye\config\smallrye-config-core\3.3.2\smallrye-config-core-3.3.2.jar;C:\Users\Clovis\.m2\repository\io\smallrye\common\smallrye-common-expression\2.1.0\smallrye-common-expression-2.1.0.jar;C:\Users\Clovis\.m2\repository\io\smallrye\common\smallrye-common-function\2.1.0\smallrye-common-function-2.1.0.jar;C:\Users\Clovis\.m2\repository\io\smallrye\common\smallrye-common-classloader\2.1.0\smallrye-common-classloader-2.1.0.jar;C:\Users\Clovis\.m2\repository\io\smallrye\config\smallrye-config-common\3.3.2\smallrye-config-common-3.3.2.jar;C:\Users\Clovis\.m2\repository\org\jboss\logging\jboss-logging\3.5.1.Final\jboss-logging-3.5.1.Final.jar;C:\Users\Clovis\.m2\repository\org\jboss\logmanager\jboss-logmanager-embedded\1.1.1\jboss-logmanager-embedded-1.1.1.jar;C:\Users\Clovis\.m2\repository\org\jboss\logging\jboss-logging-annotations\2.2.1.Final\jboss-logging-annotations-2.2.1.Final.jar;C:\Users\Clovis\.m2\repository\org\jboss\threads\jboss-threads\3.5.0.Final\jboss-threads-3.5.0.Final.jar;C:\Users\Clovis\.m2\repository\org\slf4j\slf4j-api\2.0.6\slf4j-api-2.0.6.jar;C:\Users\Clovis\.m2\repository\org\jboss\slf4j\slf4j-jboss-logmanager\2.0.0.Final\slf4j-jboss-logmanager-2.0.0.Final.jar;C:\Users\Clovis\.m2\repository\org\graalvm\sdk\graal-sdk\23.0.1\graal-sdk-23.0.1.jar;C:\Users\Clovis\.m2\repository\org\wildfly\common\wildfly-common\1.5.4.Final-format-001\wildfly-common-1.5.4.Final-format-001.jar;C:\Users\Clovis\.m2\repository\io\quarkus\quarkus-bootstrap-runner\3.2.4.Final\quarkus-bootstrap-runner-3.2.4.Final.jar;C:\Users\Clovis\.m2\repository\io\quarkus\quarkus-fs-util\0.0.9\quarkus-fs-util-0.0.9.jar;C:\Users\Clovis\.m2\repository\io\quarkus\quarkus-qute\3.2.4.Final\quarkus-qute-3.2.4.Final.jar;C:\Users\Clovis\.m2\repository\io\quarkus\qute\qute-core\3.2.4.Final\qute-core-3.2.4.Final.jar;C:\Users\Clovis\.m2\repository\io\quarkus\quarkus-arc\3.2.4.Final\quarkus-arc-3.2.4.Final.jar;C:\Users\Clovis\.m2\repository\io\quarkus\arc\arc\3.2.4.Final\arc-3.2.4.Final.jar;C:\Users\Clovis\.m2\repository\jakarta\transaction\jakarta.transaction-api\2.0.1\jakarta.transaction-api-2.0.1.jar;C:\Users\Clovis\.m2\repository\io\smallrye\reactive\mutiny\2.3.1\mutiny-2.3.1.jar;C:\Users\Clovis\.m2\repository\org\eclipse\microprofile\context-propagation\microprofile-context-propagation-api\1.3\microprofile-context-propagation-api-1.3.jar;C:\Users\Clovis\.m2\repository\io\quarkus\quarkus-junit5\3.2.4.Final\quarkus-junit5-3.2.4.Final.jar;C:\Users\Clovis\.m2\repository\io\quarkus\quarkus-bootstrap-core\3.2.4.Final\quarkus-bootstrap-core-3.2.4.Final.jar;C:\Users\Clovis\.m2\repository\io\quarkus\quarkus-bootstrap-app-model\3.2.4.Final\quarkus-bootstrap-app-model-3.2.4.Final.jar;C:\Users\Clovis\.m2\repository\io\smallrye\common\smallrye-common-io\2.1.0\smallrye-common-io-2.1.0.jar;C:\Users\Clovis\.m2\repository\org\eclipse\sisu\org.eclipse.sisu.inject\0.3.5\org.eclipse.sisu.inject-0.3.5.jar;C:\Users\Clovis\.m2\repository\io\quarkus\quarkus-test-common\3.2.4.Final\quarkus-test-common-3.2.4.Final.jar;C:\Users\Clovis\.m2\repository\io\quarkus\quarkus-core-deployment\3.2.4.Final\quarkus-core-deployment-3.2.4.Final.jar;C:\Users\Clovis\.m2\repository\org\aesh\readline\2.4\readline-2.4.jar;C:\Users\Clovis\.m2\repository\org\fusesource\jansi\jansi\2.4.0\jansi-2.4.0.jar;C:\Users\Clovis\.m2\repository\org\aesh\aesh\2.7\aesh-2.7.jar;C:\Users\Clovis\.m2\repository\io\quarkus\gizmo\gizmo\1.6.1.Final\gizmo-1.6.1.Final.jar;C:\Users\Clovis\.m2\repository\org\ow2\asm\asm-util\9.5\asm-util-9.5.jar;C:\Users\Clovis\.m2\repository\org\ow2\asm\asm-analysis\9.5\asm-analysis-9.5.jar;C:\Users\Clovis\.m2\repository\org\ow2\asm\asm\9.5\asm-9.5.jar;C:\Users\Clovis\.m2\repository\org\ow2\asm\asm-commons\9.5\asm-commons-9.5.jar;C:\Users\Clovis\.m2\repository\org\ow2\asm\asm-tree\9.5\asm-tree-9.5.jar;C:\Users\Clovis\.m2\repository\io\quarkus\quarkus-class-change-agent\3.2.4.Final\quarkus-class-change-agent-3.2.4.Final.jar;C:\Users\Clovis\.m2\repository\io\quarkus\quarkus-devtools-utilities\3.2.4.Final\quarkus-devtools-utilities-3.2.4.Final.jar;C:\Users\Clovis\.m2\repository\io\quarkus\quarkus-builder\3.2.4.Final\quarkus-builder-3.2.4.Final.jar;C:\Users\Clovis\.m2\repository\org\junit\platform\junit-platform-launcher\1.9.3\junit-platform-launcher-1.9.3.jar;C:\Users\Clovis\.m2\repository\io\quarkus\quarkus-bootstrap-maven-resolver\3.2.4.Final\quarkus-bootstrap-maven-resolver-3.2.4.Final.jar;C:\Users\Clovis\.m2\repository\io\smallrye\beanbag\smallrye-beanbag-maven\1.3.2\smallrye-beanbag-maven-1.3.2.jar;C:\Users\Clovis\.m2\repository\io\smallrye\beanbag\smallrye-beanbag-sisu\1.3.2\smallrye-beanbag-sisu-1.3.2.jar;C:\Users\Clovis\.m2\repository\io\smallrye\beanbag\smallrye-beanbag\1.3.2\smallrye-beanbag-1.3.2.jar;C:\Users\Clovis\.m2\repository\javax\inject\javax.inject\1\javax.inject-1.jar;C:\Users\Clovis\.m2\repository\org\apache\maven\maven-artifact\3.9.3\maven-artifact-3.9.3.jar;C:\Users\Clovis\.m2\repository\org\apache\maven\maven-builder-support\3.9.3\maven-builder-support-3.9.3.jar;C:\Users\Clovis\.m2\repository\org\apache\maven\maven-model\3.9.3\maven-model-3.9.3.jar;C:\Users\Clovis\.m2\repository\org\apache\maven\maven-model-builder\3.9.3\maven-model-builder-3.9.3.jar;C:\Users\Clovis\.m2\repository\org\apache\maven\maven-repository-metadata\3.9.3\maven-repository-metadata-3.9.3.jar;C:\Users\Clovis\.m2\repository\org\apache\maven\maven-settings\3.9.3\maven-settings-3.9.3.jar;C:\Users\Clovis\.m2\repository\org\apache\maven\resolver\maven-resolver-api\1.9.13\maven-resolver-api-1.9.13.jar;C:\Users\Clovis\.m2\repository\org\apache\maven\resolver\maven-resolver-impl\1.9.13\maven-resolver-impl-1.9.13.jar;C:\Users\Clovis\.m2\repository\org\apache\maven\resolver\maven-resolver-named-locks\1.9.13\maven-resolver-named-locks-1.9.13.jar;C:\Users\Clovis\.m2\repository\org\apache\maven\resolver\maven-resolver-spi\1.9.13\maven-resolver-spi-1.9.13.jar;C:\Users\Clovis\.m2\repository\org\apache\maven\resolver\maven-resolver-util\1.9.13\maven-resolver-util-1.9.13.jar;C:\Users\Clovis\.m2\repository\org\apache\maven\resolver\maven-resolver-transport-http\1.9.10\maven-resolver-transport-http-1.9.10.jar;C:\Users\Clovis\.m2\repository\org\apache\maven\wagon\wagon-provider-api\3.5.3\wagon-provider-api-3.5.3.jar;C:\Users\Clovis\.m2\repository\org\apache\maven\wagon\wagon-http-shared\3.5.3\wagon-http-shared-3.5.3.jar;C:\Users\Clovis\.m2\repository\org\codehaus\plexus\plexus-interpolation\1.26\plexus-interpolation-1.26.jar;C:\Users\Clovis\.m2\repository\org\codehaus\plexus\plexus-utils\3.5.1\plexus-utils-3.5.1.jar;C:\Users\Clovis\.m2\repository\org\codehaus\plexus\plexus-xml\4.0.0\plexus-xml-4.0.0.jar;C:\Users\Clovis\.m2\repository\org\apache\maven\maven-xml-impl\4.0.0-alpha-5\maven-xml-impl-4.0.0-alpha-5.jar;C:\Users\Clovis\.m2\repository\org\apache\maven\maven-api-xml\4.0.0-alpha-5\maven-api-xml-4.0.0-alpha-5.jar;C:\Users\Clovis\.m2\repository\org\apache\maven\maven-api-meta\4.0.0-alpha-5\maven-api-meta-4.0.0-alpha-5.jar;C:\Users\Clovis\.m2\repository\org\codehaus\plexus\plexus-cipher\2.0\plexus-cipher-2.0.jar;C:\Users\Clovis\.m2\repository\org\codehaus\plexus\plexus-sec-dispatcher\2.0\plexus-sec-dispatcher-2.0.jar;C:\Users\Clovis\.m2\repository\org\apache\maven\maven-embedder\3.9.3\maven-embedder-3.9.3.jar;C:\Users\Clovis\.m2\repository\org\apache\maven\maven-core\3.9.3\maven-core-3.9.3.jar;C:\Users\Clovis\.m2\repository\org\codehaus\plexus\plexus-component-annotations\2.1.0\plexus-component-annotations-2.1.0.jar;C:\Users\Clovis\.m2\repository\org\apache\maven\maven-plugin-api\3.9.3\maven-plugin-api-3.9.3.jar;C:\Users\Clovis\.m2\repository\org\apache\maven\shared\maven-shared-utils\3.3.4\maven-shared-utils-3.3.4.jar;C:\Users\Clovis\.m2\repository\com\google\inject\guice\5.1.0\guice-5.1.0.jar;C:\Users\Clovis\.m2\repository\aopalliance\aopalliance\1.0\aopalliance-1.0.jar;C:\Users\Clovis\.m2\repository\com\google\guava\guava\32.0.0-jre\guava-32.0.0-jre.jar;C:\Users\Clovis\.m2\repository\com\google\guava\failureaccess\1.0.1\failureaccess-1.0.1.jar;C:\Users\Clovis\.m2\repository\javax\annotation\javax.annotation-api\1.3.2\javax.annotation-api-1.3.2.jar;C:\Users\Clovis\.m2\repository\org\codehaus\plexus\plexus-classworlds\2.6.0\plexus-classworlds-2.6.0.jar;C:\Users\Clovis\.m2\repository\commons-cli\commons-cli\1.5.0\commons-cli-1.5.0.jar;C:\Users\Clovis\.m2\repository\org\eclipse\sisu\org.eclipse.sisu.plexus\0.3.5\org.eclipse.sisu.plexus-0.3.5.jar;C:\Users\Clovis\.m2\repository\org\apache\maven\maven-settings-builder\3.9.3\maven-settings-builder-3.9.3.jar;C:\Users\Clovis\.m2\repository\org\apache\maven\maven-resolver-provider\3.9.3\maven-resolver-provider-3.9.3.jar;C:\Users\Clovis\.m2\repository\org\apache\maven\resolver\maven-resolver-connector-basic\1.9.13\maven-resolver-connector-basic-1.9.13.jar;C:\Users\Clovis\.m2\repository\org\apache\maven\resolver\maven-resolver-transport-wagon\1.9.13\maven-resolver-transport-wagon-1.9.13.jar;C:\Users\Clovis\.m2\repository\org\apache\maven\wagon\wagon-http\3.5.3\wagon-http-3.5.3.jar;C:\Users\Clovis\.m2\repository\org\apache\maven\wagon\wagon-file\3.5.3\wagon-file-3.5.3.jar;C:\Users\Clovis\.m2\repository\io\quarkus\quarkus-bootstrap-gradle-resolver\3.2.4.Final\quarkus-bootstrap-gradle-resolver-3.2.4.Final.jar;C:\Users\Clovis\.m2\repository\io\smallrye\jandex\3.1.2\jandex-3.1.2.jar;C:\Users\Clovis\.m2\repository\commons-io\commons-io\2.13.0\commons-io-2.13.0.jar;C:\Users\Clovis\.m2\repository\org\jboss\logging\commons-logging-jboss-logging\1.0.0.Final\commons-logging-jboss-logging-1.0.0.Final.jar;C:\Users\Clovis\.m2\repository\io\quarkus\quarkus-junit5-properties\3.2.4.Final\quarkus-junit5-properties-3.2.4.Final.jar;C:\Users\Clovis\.m2\repository\org\junit\jupiter\junit-jupiter\5.9.3\junit-jupiter-5.9.3.jar;C:\Users\Clovis\.m2\repository\org\junit\jupiter\junit-jupiter-api\5.9.3\junit-jupiter-api-5.9.3.jar;C:\Users\Clovis\.m2\repository\org\opentest4j\opentest4j\1.2.0\opentest4j-1.2.0.jar;C:\Users\Clovis\.m2\repository\org\junit\platform\junit-platform-commons\1.9.3\junit-platform-commons-1.9.3.jar;C:\Users\Clovis\.m2\repository\org\apiguardian\apiguardian-api\1.1.2\apiguardian-api-1.1.2.jar;C:\Users\Clovis\.m2\repository\org\junit\jupiter\junit-jupiter-params\5.9.3\junit-jupiter-params-5.9.3.jar;C:\Users\Clovis\.m2\repository\org\junit\jupiter\junit-jupiter-engine\5.9.3\junit-jupiter-engine-5.9.3.jar;C:\Users\Clovis\.m2\repository\org\junit\platform\junit-platform-engine\1.9.3\junit-platform-engine-1.9.3.jar;C:\Users\Clovis\.m2\repository\com\thoughtworks\xstream\xstream\1.4.20\xstream-1.4.20.jar;C:\Users\Clovis\.m2\repository\io\github\x-stream\mxparser\1.2.2\mxparser-1.2.2.jar;C:\Users\Clovis\.m2\repository\xmlpull\xmlpull\1.1.3.1\xmlpull-1.1.3.1.jar;C:\Users\Clovis\.m2\repository\io\rest-assured\rest-assured\5.3.0\rest-assured-5.3.0.jar;C:\Users\Clovis\.m2\repository\org\apache\groovy\groovy\4.0.6\groovy-4.0.6.jar;C:\Users\Clovis\.m2\repository\org\apache\groovy\groovy-xml\4.0.6\groovy-xml-4.0.6.jar;C:\Users\Clovis\.m2\repository\org\apache\httpcomponents\httpclient\4.5.14\httpclient-4.5.14.jar;C:\Users\Clovis\.m2\repository\org\apache\httpcomponents\httpcore\4.4.16\httpcore-4.4.16.jar;C:\Users\Clovis\.m2\repository\commons-codec\commons-codec\1.16.0\commons-codec-1.16.0.jar;C:\Users\Clovis\.m2\repository\org\apache\httpcomponents\httpmime\4.5.14\httpmime-4.5.14.jar;C:\Users\Clovis\.m2\repository\org\hamcrest\hamcrest\2.1\hamcrest-2.1.jar;C:\Users\Clovis\.m2\repository\org\ccil\cowan\tagsoup\tagsoup\1.2.1\tagsoup-1.2.1.jar;C:\Users\Clovis\.m2\repository\io\rest-assured\json-path\5.3.0\json-path-5.3.0.jar;C:\Users\Clovis\.m2\repository\org\apache\groovy\groovy-json\4.0.6\groovy-json-4.0.6.jar;C:\Users\Clovis\.m2\repository\io\rest-assured\rest-assured-common\5.3.0\rest-assured-common-5.3.0.jar;C:\Users\Clovis\.m2\repository\io\rest-assured\xml-path\5.3.0\xml-path-5.3.0.jar;C:\Users\Clovis\.m2\repository\org\apache\commons\commons-lang3\3.12.0\commons-lang3-3.12.0.jar;"/>
    <property name="java.vm.vendor" value="Oracle Corporation"/>
    <property name="sun.arch.data.model" value="64"/>
    <property name="user.variant" value=""/>
    <property name="java.vendor.url" value="https://java.oracle.com/"/>
    <property name="user.timezone" value="America/Sao_Paulo"/>
    <property name="logging.initial-configurator.min-level" value="500"/>
    <property name="os.name" value="Windows 11"/>
    <property name="java.vm.specification.version" value="20"/>
    <property name="sun.java.launcher" value="SUN_STANDARD"/>
    <property name="user.country" value="BR"/>
    <property name="sun.boot.library.path" value="C:\Program Files\Java\jdk-20\bin"/>
    <property name="sun.java.command" value="C:\Users\Clovis\AppData\Local\Temp\surefire5346088000560084507\surefirebooter-20230918143003661_3.jar C:\Users\Clovis\AppData\Local\Temp\surefire5346088000560084507 2023-09-18T14-30-03_526-jvmRun1 surefire-20230918143003661_1tmp surefire_0-20230918143003661_2tmp"/>
    <property name="jdk.debug" value="release"/>
    <property name="maven.home" value="C:\Program Files\Maven\apache-maven-3.9.4"/>
    <property name="surefire.test.class.path" value="C:\Users\Clovis\eng-soft-arch-quarto-periodo-turma-b\Vinicius_Passos\calculadomvc\target\test-classes;C:\Users\Clovis\eng-soft-arch-quarto-periodo-turma-b\Vinicius_Passos\calculadomvc\target\classes;C:\Users\Clovis\.m2\repository\io\quarkus\quarkus-resteasy\3.2.4.Final\quarkus-resteasy-3.2.4.Final.jar;C:\Users\Clovis\.m2\repository\io\quarkus\quarkus-vertx-http\3.2.4.Final\quarkus-vertx-http-3.2.4.Final.jar;C:\Users\Clovis\.m2\repository\io\quarkus\quarkus-security-runtime-spi\3.2.4.Final\quarkus-security-runtime-spi-3.2.4.Final.jar;C:\Users\Clovis\.m2\repository\io\quarkus\quarkus-credentials\3.2.4.Final\quarkus-credentials-3.2.4.Final.jar;C:\Users\Clovis\.m2\repository\io\quarkus\quarkus-mutiny\3.2.4.Final\quarkus-mutiny-3.2.4.Final.jar;C:\Users\Clovis\.m2\repository\io\quarkus\quarkus-smallrye-context-propagation\3.2.4.Final\quarkus-smallrye-context-propagation-3.2.4.Final.jar;C:\Users\Clovis\.m2\repository\io\smallrye\smallrye-context-propagation\2.1.0\smallrye-context-propagation-2.1.0.jar;C:\Users\Clovis\.m2\repository\io\smallrye\smallrye-context-propagation-api\2.1.0\smallrye-context-propagation-api-2.1.0.jar;C:\Users\Clovis\.m2\repository\io\smallrye\smallrye-context-propagation-storage\2.1.0\smallrye-context-propagation-storage-2.1.0.jar;C:\Users\Clovis\.m2\repository\io\smallrye\reactive\mutiny-smallrye-context-propagation\2.3.1\mutiny-smallrye-context-propagation-2.3.1.jar;C:\Users\Clovis\.m2\repository\io\smallrye\common\smallrye-common-vertx-context\2.1.0\smallrye-common-vertx-context-2.1.0.jar;C:\Users\Clovis\.m2\repository\io\vertx\vertx-core\4.4.4\vertx-core-4.4.4.jar;C:\Users\Clovis\.m2\repository\io\netty\netty-common\4.1.94.Final\netty-common-4.1.94.Final.jar;C:\Users\Clovis\.m2\repository\io\netty\netty-buffer\4.1.94.Final\netty-buffer-4.1.94.Final.jar;C:\Users\Clovis\.m2\repository\io\netty\netty-transport\4.1.94.Final\netty-transport-4.1.94.Final.jar;C:\Users\Clovis\.m2\repository\io\netty\netty-handler\4.1.94.Final\netty-handler-4.1.94.Final.jar;C:\Users\Clovis\.m2\repository\io\netty\netty-transport-native-unix-common\4.1.94.Final\netty-transport-native-unix-common-4.1.94.Final.jar;C:\Users\Clovis\.m2\repository\io\netty\netty-handler-proxy\4.1.94.Final\netty-handler-proxy-4.1.94.Final.jar;C:\Users\Clovis\.m2\repository\io\netty\netty-codec-socks\4.1.94.Final\netty-codec-socks-4.1.94.Final.jar;C:\Users\Clovis\.m2\repository\io\netty\netty-codec-http\4.1.94.Final\netty-codec-http-4.1.94.Final.jar;C:\Users\Clovis\.m2\repository\io\netty\netty-codec-http2\4.1.94.Final\netty-codec-http2-4.1.94.Final.jar;C:\Users\Clovis\.m2\repository\io\netty\netty-resolver\4.1.94.Final\netty-resolver-4.1.94.Final.jar;C:\Users\Clovis\.m2\repository\io\netty\netty-resolver-dns\4.1.94.Final\netty-resolver-dns-4.1.94.Final.jar;C:\Users\Clovis\.m2\repository\io\netty\netty-codec-dns\4.1.94.Final\netty-codec-dns-4.1.94.Final.jar;C:\Users\Clovis\.m2\repository\com\fasterxml\jackson\core\jackson-core\2.15.2\jackson-core-2.15.2.jar;C:\Users\Clovis\.m2\repository\io\smallrye\common\smallrye-common-constraint\2.1.0\smallrye-common-constraint-2.1.0.jar;C:\Users\Clovis\.m2\repository\io\quarkus\quarkus-vertx-http-dev-console-runtime-spi\3.2.4.Final\quarkus-vertx-http-dev-console-runtime-spi-3.2.4.Final.jar;C:\Users\Clovis\.m2\repository\io\quarkus\security\quarkus-security\2.0.2.Final\quarkus-security-2.0.2.Final.jar;C:\Users\Clovis\.m2\repository\io\quarkus\quarkus-vertx\3.2.4.Final\quarkus-vertx-3.2.4.Final.jar;C:\Users\Clovis\.m2\repository\io\quarkus\quarkus-netty\3.2.4.Final\quarkus-netty-3.2.4.Final.jar;C:\Users\Clovis\.m2\repository\io\netty\netty-codec\4.1.94.Final\netty-codec-4.1.94.Final.jar;C:\Users\Clovis\.m2\repository\com\aayushatharva\brotli4j\brotli4j\1.12.0\brotli4j-1.12.0.jar;C:\Users\Clovis\.m2\repository\com\aayushatharva\brotli4j\service\1.12.0\service-1.12.0.jar;C:\Users\Clovis\.m2\repository\com\aayushatharva\brotli4j\native-windows-x86_64\1.12.0\native-windows-x86_64-1.12.0.jar;C:\Users\Clovis\.m2\repository\io\netty\netty-codec-haproxy\4.1.94.Final\netty-codec-haproxy-4.1.94.Final.jar;C:\Users\Clovis\.m2\repository\io\smallrye\common\smallrye-common-annotation\2.1.0\smallrye-common-annotation-2.1.0.jar;C:\Users\Clovis\.m2\repository\io\quarkus\quarkus-vertx-latebound-mdc-provider\3.2.4.Final\quarkus-vertx-latebound-mdc-provider-3.2.4.Final.jar;C:\Users\Clovis\.m2\repository\io\smallrye\reactive\smallrye-mutiny-vertx-core\3.5.0\smallrye-mutiny-vertx-core-3.5.0.jar;C:\Users\Clovis\.m2\repository\io\smallrye\reactive\smallrye-mutiny-vertx-runtime\3.5.0\smallrye-mutiny-vertx-runtime-3.5.0.jar;C:\Users\Clovis\.m2\repository\io\smallrye\reactive\vertx-mutiny-generator\3.5.0\vertx-mutiny-generator-3.5.0.jar;C:\Users\Clovis\.m2\repository\io\vertx\vertx-codegen\4.4.4\vertx-codegen-4.4.4.jar;C:\Users\Clovis\.m2\repository\io\smallrye\smallrye-fault-tolerance-vertx\6.2.6\smallrye-fault-tolerance-vertx-6.2.6.jar;C:\Users\Clovis\.m2\repository\io\smallrye\reactive\smallrye-mutiny-vertx-web\3.5.0\smallrye-mutiny-vertx-web-3.5.0.jar;C:\Users\Clovis\.m2\repository\io\smallrye\reactive\smallrye-mutiny-vertx-web-common\3.5.0\smallrye-mutiny-vertx-web-common-3.5.0.jar;C:\Users\Clovis\.m2\repository\io\smallrye\reactive\smallrye-mutiny-vertx-auth-common\3.5.0\smallrye-mutiny-vertx-auth-common-3.5.0.jar;C:\Users\Clovis\.m2\repository\io\smallrye\reactive\smallrye-mutiny-vertx-bridge-common\3.5.0\smallrye-mutiny-vertx-bridge-common-3.5.0.jar;C:\Users\Clovis\.m2\repository\io\smallrye\reactive\smallrye-mutiny-vertx-uri-template\3.5.0\smallrye-mutiny-vertx-uri-template-3.5.0.jar;C:\Users\Clovis\.m2\repository\io\vertx\vertx-uri-template\4.4.4\vertx-uri-template-4.4.4.jar;C:\Users\Clovis\.m2\repository\io\vertx\vertx-web\4.4.4\vertx-web-4.4.4.jar;C:\Users\Clovis\.m2\repository\io\vertx\vertx-web-common\4.4.4\vertx-web-common-4.4.4.jar;C:\Users\Clovis\.m2\repository\io\vertx\vertx-auth-common\4.4.4\vertx-auth-common-4.4.4.jar;C:\Users\Clovis\.m2\repository\io\vertx\vertx-bridge-common\4.4.4\vertx-bridge-common-4.4.4.jar;C:\Users\Clovis\.m2\repository\io\github\crac\org-crac\0.1.3\org-crac-0.1.3.jar;C:\Users\Clovis\.m2\repository\io\quarkus\quarkus-resteasy-server-common\3.2.4.Final\quarkus-resteasy-server-common-3.2.4.Final.jar;C:\Users\Clovis\.m2\repository\io\quarkus\quarkus-resteasy-common\3.2.4.Final\quarkus-resteasy-common-3.2.4.Final.jar;C:\Users\Clovis\.m2\repository\org\jboss\resteasy\resteasy-core\6.2.4.Final\resteasy-core-6.2.4.Final.jar;C:\Users\Clovis\.m2\repository\jakarta\xml\bind\jakarta.xml.bind-api\4.0.0\jakarta.xml.bind-api-4.0.0.jar;C:\Users\Clovis\.m2\repository\org\jboss\resteasy\resteasy-core-spi\6.2.4.Final\resteasy-core-spi-6.2.4.Final.jar;C:\Users\Clovis\.m2\repository\org\reactivestreams\reactive-streams\1.0.4\reactive-streams-1.0.4.jar;C:\Users\Clovis\.m2\repository\com\ibm\async\asyncutil\0.1.0\asyncutil-0.1.0.jar;C:\Users\Clovis\.m2\repository\org\eclipse\angus\angus-activation\2.0.1\angus-activation-2.0.1.jar;C:\Users\Clovis\.m2\repository\jakarta\activation\jakarta.activation-api\2.1.2\jakarta.activation-api-2.1.2.jar;C:\Users\Clovis\.m2\repository\jakarta\ws\rs\jakarta.ws.rs-api\3.1.0\jakarta.ws.rs-api-3.1.0.jar;C:\Users\Clovis\.m2\repository\org\jboss\resteasy\resteasy-cdi\6.2.4.Final\resteasy-cdi-6.2.4.Final.jar;C:\Users\Clovis\.m2\repository\org\jboss\weld\weld-api\5.0.SP2\weld-api-5.0.SP2.jar;C:\Users\Clovis\.m2\repository\org\jboss\resteasy\microprofile\microprofile-config\2.1.1.Final\microprofile-config-2.1.1.Final.jar;C:\Users\Clovis\.m2\repository\jakarta\servlet\jakarta.servlet-api\6.0.0\jakarta.servlet-api-6.0.0.jar;C:\Users\Clovis\.m2\repository\org\eclipse\microprofile\config\microprofile-config-api\3.0.3\microprofile-config-api-3.0.3.jar;C:\Users\Clovis\.m2\repository\jakarta\validation\jakarta.validation-api\3.0.2\jakarta.validation-api-3.0.2.jar;C:\Users\Clovis\.m2\repository\io\quarkus\quarkus-resteasy-qute\3.2.4.Final\quarkus-resteasy-qute-3.2.4.Final.jar;C:\Users\Clovis\.m2\repository\io\quarkus\quarkus-core\3.2.4.Final\quarkus-core-3.2.4.Final.jar;C:\Users\Clovis\.m2\repository\jakarta\annotation\jakarta.annotation-api\2.1.1\jakarta.annotation-api-2.1.1.jar;C:\Users\Clovis\.m2\repository\jakarta\enterprise\jakarta.enterprise.cdi-api\4.0.1\jakarta.enterprise.cdi-api-4.0.1.jar;C:\Users\Clovis\.m2\repository\jakarta\enterprise\jakarta.enterprise.lang-model\4.0.1\jakarta.enterprise.lang-model-4.0.1.jar;C:\Users\Clovis\.m2\repository\jakarta\el\jakarta.el-api\5.0.1\jakarta.el-api-5.0.1.jar;C:\Users\Clovis\.m2\repository\jakarta\interceptor\jakarta.interceptor-api\2.1.0\jakarta.interceptor-api-2.1.0.jar;C:\Users\Clovis\.m2\repository\jakarta\inject\jakarta.inject-api\2.0.1\jakarta.inject-api-2.0.1.jar;C:\Users\Clovis\.m2\repository\io\smallrye\common\smallrye-common-os\2.1.0\smallrye-common-os-2.1.0.jar;C:\Users\Clovis\.m2\repository\io\quarkus\quarkus-ide-launcher\3.2.4.Final\quarkus-ide-launcher-3.2.4.Final.jar;C:\Users\Clovis\.m2\repository\io\quarkus\quarkus-development-mode-spi\3.2.4.Final\quarkus-development-mode-spi-3.2.4.Final.jar;C:\Users\Clovis\.m2\repository\io\smallrye\config\smallrye-config\3.3.2\smallrye-config-3.3.2.jar;C:\Users\Clovis\.m2\repository\io\smallrye\config\smallrye-config-core\3.3.2\smallrye-config-core-3.3.2.jar;C:\Users\Clovis\.m2\repository\io\smallrye\common\smallrye-common-expression\2.1.0\smallrye-common-expression-2.1.0.jar;C:\Users\Clovis\.m2\repository\io\smallrye\common\smallrye-common-function\2.1.0\smallrye-common-function-2.1.0.jar;C:\Users\Clovis\.m2\repository\io\smallrye\common\smallrye-common-classloader\2.1.0\smallrye-common-classloader-2.1.0.jar;C:\Users\Clovis\.m2\repository\io\smallrye\config\smallrye-config-common\3.3.2\smallrye-config-common-3.3.2.jar;C:\Users\Clovis\.m2\repository\org\jboss\logging\jboss-logging\3.5.1.Final\jboss-logging-3.5.1.Final.jar;C:\Users\Clovis\.m2\repository\org\jboss\logmanager\jboss-logmanager-embedded\1.1.1\jboss-logmanager-embedded-1.1.1.jar;C:\Users\Clovis\.m2\repository\org\jboss\logging\jboss-logging-annotations\2.2.1.Final\jboss-logging-annotations-2.2.1.Final.jar;C:\Users\Clovis\.m2\repository\org\jboss\threads\jboss-threads\3.5.0.Final\jboss-threads-3.5.0.Final.jar;C:\Users\Clovis\.m2\repository\org\slf4j\slf4j-api\2.0.6\slf4j-api-2.0.6.jar;C:\Users\Clovis\.m2\repository\org\jboss\slf4j\slf4j-jboss-logmanager\2.0.0.Final\slf4j-jboss-logmanager-2.0.0.Final.jar;C:\Users\Clovis\.m2\repository\org\graalvm\sdk\graal-sdk\23.0.1\graal-sdk-23.0.1.jar;C:\Users\Clovis\.m2\repository\org\wildfly\common\wildfly-common\1.5.4.Final-format-001\wildfly-common-1.5.4.Final-format-001.jar;C:\Users\Clovis\.m2\repository\io\quarkus\quarkus-bootstrap-runner\3.2.4.Final\quarkus-bootstrap-runner-3.2.4.Final.jar;C:\Users\Clovis\.m2\repository\io\quarkus\quarkus-fs-util\0.0.9\quarkus-fs-util-0.0.9.jar;C:\Users\Clovis\.m2\repository\io\quarkus\quarkus-qute\3.2.4.Final\quarkus-qute-3.2.4.Final.jar;C:\Users\Clovis\.m2\repository\io\quarkus\qute\qute-core\3.2.4.Final\qute-core-3.2.4.Final.jar;C:\Users\Clovis\.m2\repository\io\quarkus\quarkus-arc\3.2.4.Final\quarkus-arc-3.2.4.Final.jar;C:\Users\Clovis\.m2\repository\io\quarkus\arc\arc\3.2.4.Final\arc-3.2.4.Final.jar;C:\Users\Clovis\.m2\repository\jakarta\transaction\jakarta.transaction-api\2.0.1\jakarta.transaction-api-2.0.1.jar;C:\Users\Clovis\.m2\repository\io\smallrye\reactive\mutiny\2.3.1\mutiny-2.3.1.jar;C:\Users\Clovis\.m2\repository\org\eclipse\microprofile\context-propagation\microprofile-context-propagation-api\1.3\microprofile-context-propagation-api-1.3.jar;C:\Users\Clovis\.m2\repository\io\quarkus\quarkus-junit5\3.2.4.Final\quarkus-junit5-3.2.4.Final.jar;C:\Users\Clovis\.m2\repository\io\quarkus\quarkus-bootstrap-core\3.2.4.Final\quarkus-bootstrap-core-3.2.4.Final.jar;C:\Users\Clovis\.m2\repository\io\quarkus\quarkus-bootstrap-app-model\3.2.4.Final\quarkus-bootstrap-app-model-3.2.4.Final.jar;C:\Users\Clovis\.m2\repository\io\smallrye\common\smallrye-common-io\2.1.0\smallrye-common-io-2.1.0.jar;C:\Users\Clovis\.m2\repository\org\eclipse\sisu\org.eclipse.sisu.inject\0.3.5\org.eclipse.sisu.inject-0.3.5.jar;C:\Users\Clovis\.m2\repository\io\quarkus\quarkus-test-common\3.2.4.Final\quarkus-test-common-3.2.4.Final.jar;C:\Users\Clovis\.m2\repository\io\quarkus\quarkus-core-deployment\3.2.4.Final\quarkus-core-deployment-3.2.4.Final.jar;C:\Users\Clovis\.m2\repository\org\aesh\readline\2.4\readline-2.4.jar;C:\Users\Clovis\.m2\repository\org\fusesource\jansi\jansi\2.4.0\jansi-2.4.0.jar;C:\Users\Clovis\.m2\repository\org\aesh\aesh\2.7\aesh-2.7.jar;C:\Users\Clovis\.m2\repository\io\quarkus\gizmo\gizmo\1.6.1.Final\gizmo-1.6.1.Final.jar;C:\Users\Clovis\.m2\repository\org\ow2\asm\asm-util\9.5\asm-util-9.5.jar;C:\Users\Clovis\.m2\repository\org\ow2\asm\asm-analysis\9.5\asm-analysis-9.5.jar;C:\Users\Clovis\.m2\repository\org\ow2\asm\asm\9.5\asm-9.5.jar;C:\Users\Clovis\.m2\repository\org\ow2\asm\asm-commons\9.5\asm-commons-9.5.jar;C:\Users\Clovis\.m2\repository\org\ow2\asm\asm-tree\9.5\asm-tree-9.5.jar;C:\Users\Clovis\.m2\repository\io\quarkus\quarkus-class-change-agent\3.2.4.Final\quarkus-class-change-agent-3.2.4.Final.jar;C:\Users\Clovis\.m2\repository\io\quarkus\quarkus-devtools-utilities\3.2.4.Final\quarkus-devtools-utilities-3.2.4.Final.jar;C:\Users\Clovis\.m2\repository\io\quarkus\quarkus-builder\3.2.4.Final\quarkus-builder-3.2.4.Final.jar;C:\Users\Clovis\.m2\repository\org\junit\platform\junit-platform-launcher\1.9.3\junit-platform-launcher-1.9.3.jar;C:\Users\Clovis\.m2\repository\io\quarkus\quarkus-bootstrap-maven-resolver\3.2.4.Final\quarkus-bootstrap-maven-resolver-3.2.4.Final.jar;C:\Users\Clovis\.m2\repository\io\smallrye\beanbag\smallrye-beanbag-maven\1.3.2\smallrye-beanbag-maven-1.3.2.jar;C:\Users\Clovis\.m2\repository\io\smallrye\beanbag\smallrye-beanbag-sisu\1.3.2\smallrye-beanbag-sisu-1.3.2.jar;C:\Users\Clovis\.m2\repository\io\smallrye\beanbag\smallrye-beanbag\1.3.2\smallrye-beanbag-1.3.2.jar;C:\Users\Clovis\.m2\repository\javax\inject\javax.inject\1\javax.inject-1.jar;C:\Users\Clovis\.m2\repository\org\apache\maven\maven-artifact\3.9.3\maven-artifact-3.9.3.jar;C:\Users\Clovis\.m2\repository\org\apache\maven\maven-builder-support\3.9.3\maven-builder-support-3.9.3.jar;C:\Users\Clovis\.m2\repository\org\apache\maven\maven-model\3.9.3\maven-model-3.9.3.jar;C:\Users\Clovis\.m2\repository\org\apache\maven\maven-model-builder\3.9.3\maven-model-builder-3.9.3.jar;C:\Users\Clovis\.m2\repository\org\apache\maven\maven-repository-metadata\3.9.3\maven-repository-metadata-3.9.3.jar;C:\Users\Clovis\.m2\repository\org\apache\maven\maven-settings\3.9.3\maven-settings-3.9.3.jar;C:\Users\Clovis\.m2\repository\org\apache\maven\resolver\maven-resolver-api\1.9.13\maven-resolver-api-1.9.13.jar;C:\Users\Clovis\.m2\repository\org\apache\maven\resolver\maven-resolver-impl\1.9.13\maven-resolver-impl-1.9.13.jar;C:\Users\Clovis\.m2\repository\org\apache\maven\resolver\maven-resolver-named-locks\1.9.13\maven-resolver-named-locks-1.9.13.jar;C:\Users\Clovis\.m2\repository\org\apache\maven\resolver\maven-resolver-spi\1.9.13\maven-resolver-spi-1.9.13.jar;C:\Users\Clovis\.m2\repository\org\apache\maven\resolver\maven-resolver-util\1.9.13\maven-resolver-util-1.9.13.jar;C:\Users\Clovis\.m2\repository\org\apache\maven\resolver\maven-resolver-transport-http\1.9.10\maven-resolver-transport-http-1.9.10.jar;C:\Users\Clovis\.m2\repository\org\apache\maven\wagon\wagon-provider-api\3.5.3\wagon-provider-api-3.5.3.jar;C:\Users\Clovis\.m2\repository\org\apache\maven\wagon\wagon-http-shared\3.5.3\wagon-http-shared-3.5.3.jar;C:\Users\Clovis\.m2\repository\org\codehaus\plexus\plexus-interpolation\1.26\plexus-interpolation-1.26.jar;C:\Users\Clovis\.m2\repository\org\codehaus\plexus\plexus-utils\3.5.1\plexus-utils-3.5.1.jar;C:\Users\Clovis\.m2\repository\org\codehaus\plexus\plexus-xml\4.0.0\plexus-xml-4.0.0.jar;C:\Users\Clovis\.m2\repository\org\apache\maven\maven-xml-impl\4.0.0-alpha-5\maven-xml-impl-4.0.0-alpha-5.jar;C:\Users\Clovis\.m2\repository\org\apache\maven\maven-api-xml\4.0.0-alpha-5\maven-api-xml-4.0.0-alpha-5.jar;C:\Users\Clovis\.m2\repository\org\apache\maven\maven-api-meta\4.0.0-alpha-5\maven-api-meta-4.0.0-alpha-5.jar;C:\Users\Clovis\.m2\repository\org\codehaus\plexus\plexus-cipher\2.0\plexus-cipher-2.0.jar;C:\Users\Clovis\.m2\repository\org\codehaus\plexus\plexus-sec-dispatcher\2.0\plexus-sec-dispatcher-2.0.jar;C:\Users\Clovis\.m2\repository\org\apache\maven\maven-embedder\3.9.3\maven-embedder-3.9.3.jar;C:\Users\Clovis\.m2\repository\org\apache\maven\maven-core\3.9.3\maven-core-3.9.3.jar;C:\Users\Clovis\.m2\repository\org\codehaus\plexus\plexus-component-annotations\2.1.0\plexus-component-annotations-2.1.0.jar;C:\Users\Clovis\.m2\repository\org\apache\maven\maven-plugin-api\3.9.3\maven-plugin-api-3.9.3.jar;C:\Users\Clovis\.m2\repository\org\apache\maven\shared\maven-shared-utils\3.3.4\maven-shared-utils-3.3.4.jar;C:\Users\Clovis\.m2\repository\com\google\inject\guice\5.1.0\guice-5.1.0.jar;C:\Users\Clovis\.m2\repository\aopalliance\aopalliance\1.0\aopalliance-1.0.jar;C:\Users\Clovis\.m2\repository\com\google\guava\guava\32.0.0-jre\guava-32.0.0-jre.jar;C:\Users\Clovis\.m2\repository\com\google\guava\failureaccess\1.0.1\failureaccess-1.0.1.jar;C:\Users\Clovis\.m2\repository\javax\annotation\javax.annotation-api\1.3.2\javax.annotation-api-1.3.2.jar;C:\Users\Clovis\.m2\repository\org\codehaus\plexus\plexus-classworlds\2.6.0\plexus-classworlds-2.6.0.jar;C:\Users\Clovis\.m2\repository\commons-cli\commons-cli\1.5.0\commons-cli-1.5.0.jar;C:\Users\Clovis\.m2\repository\org\eclipse\sisu\org.eclipse.sisu.plexus\0.3.5\org.eclipse.sisu.plexus-0.3.5.jar;C:\Users\Clovis\.m2\repository\org\apache\maven\maven-settings-builder\3.9.3\maven-settings-builder-3.9.3.jar;C:\Users\Clovis\.m2\repository\org\apache\maven\maven-resolver-provider\3.9.3\maven-resolver-provider-3.9.3.jar;C:\Users\Clovis\.m2\repository\org\apache\maven\resolver\maven-resolver-connector-basic\1.9.13\maven-resolver-connector-basic-1.9.13.jar;C:\Users\Clovis\.m2\repository\org\apache\maven\resolver\maven-resolver-transport-wagon\1.9.13\maven-resolver-transport-wagon-1.9.13.jar;C:\Users\Clovis\.m2\repository\org\apache\maven\wagon\wagon-http\3.5.3\wagon-http-3.5.3.jar;C:\Users\Clovis\.m2\repository\org\apache\maven\wagon\wagon-file\3.5.3\wagon-file-3.5.3.jar;C:\Users\Clovis\.m2\repository\io\quarkus\quarkus-bootstrap-gradle-resolver\3.2.4.Final\quarkus-bootstrap-gradle-resolver-3.2.4.Final.jar;C:\Users\Clovis\.m2\repository\io\smallrye\jandex\3.1.2\jandex-3.1.2.jar;C:\Users\Clovis\.m2\repository\commons-io\commons-io\2.13.0\commons-io-2.13.0.jar;C:\Users\Clovis\.m2\repository\org\jboss\logging\commons-logging-jboss-logging\1.0.0.Final\commons-logging-jboss-logging-1.0.0.Final.jar;C:\Users\Clovis\.m2\repository\io\quarkus\quarkus-junit5-properties\3.2.4.Final\quarkus-junit5-properties-3.2.4.Final.jar;C:\Users\Clovis\.m2\repository\org\junit\jupiter\junit-jupiter\5.9.3\junit-jupiter-5.9.3.jar;C:\Users\Clovis\.m2\repository\org\junit\jupiter\junit-jupiter-api\5.9.3\junit-jupiter-api-5.9.3.jar;C:\Users\Clovis\.m2\repository\org\opentest4j\opentest4j\1.2.0\opentest4j-1.2.0.jar;C:\Users\Clovis\.m2\repository\org\junit\platform\junit-platform-commons\1.9.3\junit-platform-commons-1.9.3.jar;C:\Users\Clovis\.m2\repository\org\apiguardian\apiguardian-api\1.1.2\apiguardian-api-1.1.2.jar;C:\Users\Clovis\.m2\repository\org\junit\jupiter\junit-jupiter-params\5.9.3\junit-jupiter-params-5.9.3.jar;C:\Users\Clovis\.m2\repository\org\junit\jupiter\junit-jupiter-engine\5.9.3\junit-jupiter-engine-5.9.3.jar;C:\Users\Clovis\.m2\repository\org\junit\platform\junit-platform-engine\1.9.3\junit-platform-engine-1.9.3.jar;C:\Users\Clovis\.m2\repository\com\thoughtworks\xstream\xstream\1.4.20\xstream-1.4.20.jar;C:\Users\Clovis\.m2\repository\io\github\x-stream\mxparser\1.2.2\mxparser-1.2.2.jar;C:\Users\Clovis\.m2\repository\xmlpull\xmlpull\1.1.3.1\xmlpull-1.1.3.1.jar;C:\Users\Clovis\.m2\repository\io\rest-assured\rest-assured\5.3.0\rest-assured-5.3.0.jar;C:\Users\Clovis\.m2\repository\org\apache\groovy\groovy\4.0.6\groovy-4.0.6.jar;C:\Users\Clovis\.m2\repository\org\apache\groovy\groovy-xml\4.0.6\groovy-xml-4.0.6.jar;C:\Users\Clovis\.m2\repository\org\apache\httpcomponents\httpclient\4.5.14\httpclient-4.5.14.jar;C:\Users\Clovis\.m2\repository\org\apache\httpcomponents\httpcore\4.4.16\httpcore-4.4.16.jar;C:\Users\Clovis\.m2\repository\commons-codec\commons-codec\1.16.0\commons-codec-1.16.0.jar;C:\Users\Clovis\.m2\repository\org\apache\httpcomponents\httpmime\4.5.14\httpmime-4.5.14.jar;C:\Users\Clovis\.m2\repository\org\hamcrest\hamcrest\2.1\hamcrest-2.1.jar;C:\Users\Clovis\.m2\repository\org\ccil\cowan\tagsoup\tagsoup\1.2.1\tagsoup-1.2.1.jar;C:\Users\Clovis\.m2\repository\io\rest-assured\json-path\5.3.0\json-path-5.3.0.jar;C:\Users\Clovis\.m2\repository\org\apache\groovy\groovy-json\4.0.6\groovy-json-4.0.6.jar;C:\Users\Clovis\.m2\repository\io\rest-assured\rest-assured-common\5.3.0\rest-assured-common-5.3.0.jar;C:\Users\Clovis\.m2\repository\io\rest-assured\xml-path\5.3.0\xml-path-5.3.0.jar;C:\Users\Clovis\.m2\repository\org\apache\commons\commons-lang3\3.12.0\commons-lang3-3.12.0.jar;"/>
    <property name="sun.cpu.endian" value="little"/>
    <property name="vertx.disableWebsockets" value="true"/>
    <property name="user.home" value="C:\Users\Clovis"/>
    <property name="user.language" value="pt"/>
    <property name="jboss.log-version" value="false"/>
    <property name="java.specification.vendor" value="Oracle Corporation"/>
    <property name="io.netty.allocator.maxOrder" value="3"/>
    <property name="java.version.date" value="2023-07-18"/>
    <property name="java.home" value="C:\Program Files\Java\jdk-20"/>
    <property name="file.separator" value="\"/>
    <property name="basedir" value="C:\Users\Clovis\eng-soft-arch-quarto-periodo-turma-b\Vinicius_Passos\calculadomvc"/>
    <property name="java.vm.compressedOopsMode" value="32-bit"/>
    <property name="line.separator" value="&#10;"/>
    <property name="java.vm.specification.vendor" value="Oracle Corporation"/>
    <property name="java.specification.name" value="Java Platform API Specification"/>
    <property name="surefire.real.class.path" value="C:\Users\Clovis\AppData\Local\Temp\surefire5346088000560084507\surefirebooter-20230918143003661_3.jar"/>
    <property name="user.script" value=""/>
    <property name="sun.management.compiler" value="HotSpot 64-Bit Tiered Compilers"/>
    <property name="java.runtime.version" value="20.0.2+9-78"/>
    <property name="user.name" value="Clovis"/>
    <property name="stdout.encoding" value="Cp1252"/>
    <property name="dev.resteasy.exception.mapper" value="false"/>
    <property name="path.separator" value=";"/>
    <property name="os.version" value="10.0"/>
    <property name="java.runtime.name" value="Java(TM) SE Runtime Environment"/>
    <property name="file.encoding" value="UTF-8"/>
    <property name="java.vm.name" value="Java HotSpot(TM) 64-Bit Server VM"/>
    <property name="localRepository" value="C:\Users\Clovis\.m2\repository"/>
    <property name="java.vendor.url.bug" value="https://bugreport.java.com/bugreport/"/>
    <property name="java.io.tmpdir" value="C:\Users\Clovis\AppData\Local\Temp\"/>
    <property name="quarkus.log.file.path" value="target\quarkus.log"/>
    <property name="java.version" value="20.0.2"/>
    <property name="java.util.concurrent.ForkJoinPool.common.threadFactory" value="io.quarkus.bootstrap.forkjoin.QuarkusForkJoinWorkerThreadFactory"/>
    <property name="user.dir" value="C:\Users\Clovis\eng-soft-arch-quarto-periodo-turma-b\Vinicius_Passos\calculadomvc"/>
    <property name="os.arch" value="amd64"/>
    <property name="java.vm.specification.name" value="Java Virtual Machine Specification"/>
    <property name="vertx.disableDnsResolver" value="true"/>
    <property name="sun.os.patch.level" value=""/>
    <property name="native.encoding" value="Cp1252"/>
    <property name="java.util.logging.manager" value="org.jboss.logmanager.LogManager"/>
    <property name="java.library.path" value="C:\Program Files\Java\jdk-20\bin;C:\WINDOWS\Sun\Java\bin;C:\WINDOWS\system32;C:\WINDOWS;C:\Program Files\Common Files\Oracle\Java\javapath;C:\Program Files (x86)\Common Files\Oracle\Java\javapath;C:\WINDOWS\system32;C:\WINDOWS;C:\WINDOWS\System32\Wbem;C:\WINDOWS\System32\WindowsPowerShell\v1.0\;C:\WINDOWS\System32\OpenSSH\;C:\Program Files\Maven\apache-maven-3.9.4\bin;%JAVA_HOME%\bin;C:\Program Files\Git\cmd;C:\Program Files\nodejs\;C:\Program Files\Docker\Docker\resources\bin;C:\Users\Clovis\AppData\Local\Microsoft\WindowsApps;C:\Users\Clovis\AppData\Local\Programs\Microsoft VS Code\bin;C:\Users\Clovis\AppData\Local\GitHubDesktop\bin;C:\Users\Clovis\AppData\Roaming\npm;."/>
    <property name="java.vm.info" value="mixed mode, sharing"/>
    <property name="stderr.encoding" value="Cp1252"/>
    <property name="java.vendor" value="Oracle Corporation"/>
    <property name="vertx.disableTCCL" value="true"/>
    <property name="java.vm.version" value="20.0.2+9-78"/>
    <property name="sun.io.unicode.encoding" value="UnicodeLittle"/>
    <property name="io.netty.machineId" value="25:d6:0f:6c:ac:94:d8:58"/>
    <property name="java.class.version" value="64.0"/>
  </properties>
  <testcase name="testHelloEndpoint" classname="com.fag.GreetingResourceTest" time="1.484">
    <failure message="1 expectation failed.&#10;Expected status code &lt;200&gt; but was &lt;404&gt;.&#10;" type="java.lang.AssertionError"><![CDATA[java.lang.AssertionError: 
1 expectation failed.
Expected status code <200> but was <404>.

	at java.base/jdk.internal.reflect.DirectConstructorHandleAccessor.newInstance(DirectConstructorHandleAccessor.java:67)
	at java.base/java.lang.reflect.Constructor.newInstanceWithCaller(Constructor.java:500)
	at java.base/java.lang.reflect.Constructor.newInstance(Constructor.java:484)
	at org.codehaus.groovy.reflection.CachedConstructor.invoke(CachedConstructor.java:73)
	at org.codehaus.groovy.runtime.callsite.ConstructorSite$ConstructorSiteNoUnwrapNoCoerce.callConstructor(ConstructorSite.java:108)
	at org.codehaus.groovy.runtime.callsite.CallSiteArray.defaultCallConstructor(CallSiteArray.java:57)
	at org.codehaus.groovy.runtime.callsite.AbstractCallSite.callConstructor(AbstractCallSite.java:263)
	at org.codehaus.groovy.runtime.callsite.AbstractCallSite.callConstructor(AbstractCallSite.java:277)
	at io.restassured.internal.ResponseSpecificationImpl$HamcrestAssertionClosure.validate(ResponseSpecificationImpl.groovy:512)
	at io.restassured.internal.ResponseSpecificationImpl$HamcrestAssertionClosure$validate$1.call(Unknown Source)
	at org.codehaus.groovy.runtime.callsite.CallSiteArray.defaultCall(CallSiteArray.java:45)
	at org.codehaus.groovy.runtime.callsite.AbstractCallSite.call(AbstractCallSite.java:125)
	at org.codehaus.groovy.runtime.callsite.AbstractCallSite.call(AbstractCallSite.java:139)
	at io.restassured.internal.ResponseSpecificationImpl.validateResponseIfRequired(ResponseSpecificationImpl.groovy:696)
	at io.restassured.internal.ResponseSpecificationImpl.this$2$validateResponseIfRequired(ResponseSpecificationImpl.groovy)
	at java.base/jdk.internal.reflect.DirectMethodHandleAccessor.invoke(DirectMethodHandleAccessor.java:104)
	at java.base/java.lang.reflect.Method.invoke(Method.java:578)
	at org.codehaus.groovy.runtime.callsite.PlainObjectMetaMethodSite.doInvoke(PlainObjectMetaMethodSite.java:43)
	at org.codehaus.groovy.runtime.callsite.PogoMetaMethodSite$PogoCachedMethodSiteNoUnwrapNoCoerce.invoke(PogoMetaMethodSite.java:198)
	at org.codehaus.groovy.runtime.callsite.PogoMetaMethodSite.callCurrent(PogoMetaMethodSite.java:62)
	at org.codehaus.groovy.runtime.callsite.CallSiteArray.defaultCallCurrent(CallSiteArray.java:49)
	at org.codehaus.groovy.runtime.callsite.AbstractCallSite.callCurrent(AbstractCallSite.java:171)
	at org.codehaus.groovy.runtime.callsite.AbstractCallSite.callCurrent(AbstractCallSite.java:185)
	at io.restassured.internal.ResponseSpecificationImpl.statusCode(ResponseSpecificationImpl.groovy:135)
	at io.restassured.specification.ResponseSpecification$statusCode$0.callCurrent(Unknown Source)
	at org.codehaus.groovy.runtime.callsite.CallSiteArray.defaultCallCurrent(CallSiteArray.java:49)
	at org.codehaus.groovy.runtime.callsite.AbstractCallSite.callCurrent(AbstractCallSite.java:171)
	at org.codehaus.groovy.runtime.callsite.AbstractCallSite.callCurrent(AbstractCallSite.java:185)
	at io.restassured.internal.ResponseSpecificationImpl.statusCode(ResponseSpecificationImpl.groovy:143)
	at io.restassured.internal.ValidatableResponseOptionsImpl.statusCode(ValidatableResponseOptionsImpl.java:89)
	at com.fag.GreetingResourceTest.testHelloEndpoint(GreetingResourceTest.java:17)
	at java.base/jdk.internal.reflect.DirectMethodHandleAccessor.invoke(DirectMethodHandleAccessor.java:104)
	at java.base/java.lang.reflect.Method.invoke(Method.java:578)
	at io.quarkus.test.junit.QuarkusTestExtension.runExtensionMethod(QuarkusTestExtension.java:1015)
	at io.quarkus.test.junit.QuarkusTestExtension.interceptTestMethod(QuarkusTestExtension.java:829)
	at org.junit.jupiter.engine.execution.InterceptingExecutableInvoker$ReflectiveInterceptorCall.lambda$ofVoidMethod$0(InterceptingExecutableInvoker.java:103)
	at org.junit.jupiter.engine.execution.InterceptingExecutableInvoker.lambda$invoke$0(InterceptingExecutableInvoker.java:93)
	at org.junit.jupiter.engine.execution.InvocationInterceptorChain$InterceptedInvocation.proceed(InvocationInterceptorChain.java:106)
	at org.junit.jupiter.engine.extension.TimeoutExtension.intercept(TimeoutExtension.java:156)
	at org.junit.jupiter.engine.extension.TimeoutExtension.interceptTestableMethod(TimeoutExtension.java:147)
	at org.junit.jupiter.engine.extension.TimeoutExtension.interceptTestMethod(TimeoutExtension.java:86)
	at org.junit.jupiter.engine.execution.InterceptingExecutableInvoker$ReflectiveInterceptorCall.lambda$ofVoidMethod$0(InterceptingExecutableInvoker.java:103)
	at org.junit.jupiter.engine.execution.InterceptingExecutableInvoker.lambda$invoke$0(InterceptingExecutableInvoker.java:93)
	at org.junit.jupiter.engine.execution.InvocationInterceptorChain$InterceptedInvocation.proceed(InvocationInterceptorChain.java:106)
	at org.junit.jupiter.engine.execution.InvocationInterceptorChain.proceed(InvocationInterceptorChain.java:64)
	at org.junit.jupiter.engine.execution.InvocationInterceptorChain.chainAndInvoke(InvocationInterceptorChain.java:45)
	at org.junit.jupiter.engine.execution.InvocationInterceptorChain.invoke(InvocationInterceptorChain.java:37)
	at org.junit.jupiter.engine.execution.InterceptingExecutableInvoker.invoke(InterceptingExecutableInvoker.java:92)
	at org.junit.jupiter.engine.execution.InterceptingExecutableInvoker.invoke(InterceptingExecutableInvoker.java:86)
	at org.junit.jupiter.engine.descriptor.TestMethodTestDescriptor.lambda$invokeTestMethod$7(TestMethodTestDescriptor.java:217)
	at org.junit.platform.engine.support.hierarchical.ThrowableCollector.execute(ThrowableCollector.java:73)
	at org.junit.jupiter.engine.descriptor.TestMethodTestDescriptor.invokeTestMethod(TestMethodTestDescriptor.java:213)
	at org.junit.jupiter.engine.descriptor.TestMethodTestDescriptor.execute(TestMethodTestDescriptor.java:138)
	at org.junit.jupiter.engine.descriptor.TestMethodTestDescriptor.execute(TestMethodTestDescriptor.java:68)
	at org.junit.platform.engine.support.hierarchical.NodeTestTask.lambda$executeRecursively$6(NodeTestTask.java:151)
	at org.junit.platform.engine.support.hierarchical.ThrowableCollector.execute(ThrowableCollector.java:73)
	at org.junit.platform.engine.support.hierarchical.NodeTestTask.lambda$executeRecursively$8(NodeTestTask.java:141)
	at org.junit.platform.engine.support.hierarchical.Node.around(Node.java:137)
	at org.junit.platform.engine.support.hierarchical.NodeTestTask.lambda$executeRecursively$9(NodeTestTask.java:139)
	at org.junit.platform.engine.support.hierarchical.ThrowableCollector.execute(ThrowableCollector.java:73)
	at org.junit.platform.engine.support.hierarchical.NodeTestTask.executeRecursively(NodeTestTask.java:138)
	at org.junit.platform.engine.support.hierarchical.NodeTestTask.execute(NodeTestTask.java:95)
	at java.base/java.util.ArrayList.forEach(ArrayList.java:1511)
	at org.junit.platform.engine.support.hierarchical.SameThreadHierarchicalTestExecutorService.invokeAll(SameThreadHierarchicalTestExecutorService.java:41)
	at org.junit.platform.engine.support.hierarchical.NodeTestTask.lambda$executeRecursively$6(NodeTestTask.java:155)
	at org.junit.platform.engine.support.hierarchical.ThrowableCollector.execute(ThrowableCollector.java:73)
	at org.junit.platform.engine.support.hierarchical.NodeTestTask.lambda$executeRecursively$8(NodeTestTask.java:141)
	at org.junit.platform.engine.support.hierarchical.Node.around(Node.java:137)
	at org.junit.platform.engine.support.hierarchical.NodeTestTask.lambda$executeRecursively$9(NodeTestTask.java:139)
	at org.junit.platform.engine.support.hierarchical.ThrowableCollector.execute(ThrowableCollector.java:73)
	at org.junit.platform.engine.support.hierarchical.NodeTestTask.executeRecursively(NodeTestTask.java:138)
	at org.junit.platform.engine.support.hierarchical.NodeTestTask.execute(NodeTestTask.java:95)
	at java.base/java.util.ArrayList.forEach(ArrayList.java:1511)
	at org.junit.platform.engine.support.hierarchical.SameThreadHierarchicalTestExecutorService.invokeAll(SameThreadHierarchicalTestExecutorService.java:41)
	at org.junit.platform.engine.support.hierarchical.NodeTestTask.lambda$executeRecursively$6(NodeTestTask.java:155)
	at org.junit.platform.engine.support.hierarchical.ThrowableCollector.execute(ThrowableCollector.java:73)
	at org.junit.platform.engine.support.hierarchical.NodeTestTask.lambda$executeRecursively$8(NodeTestTask.java:141)
	at org.junit.platform.engine.support.hierarchical.Node.around(Node.java:137)
	at org.junit.platform.engine.support.hierarchical.NodeTestTask.lambda$executeRecursively$9(NodeTestTask.java:139)
	at org.junit.platform.engine.support.hierarchical.ThrowableCollector.execute(ThrowableCollector.java:73)
	at org.junit.platform.engine.support.hierarchical.NodeTestTask.executeRecursively(NodeTestTask.java:138)
	at org.junit.platform.engine.support.hierarchical.NodeTestTask.execute(NodeTestTask.java:95)
	at org.junit.platform.engine.support.hierarchical.SameThreadHierarchicalTestExecutorService.submit(SameThreadHierarchicalTestExecutorService.java:35)
	at org.junit.platform.engine.support.hierarchical.HierarchicalTestExecutor.execute(HierarchicalTestExecutor.java:57)
	at org.junit.platform.engine.support.hierarchical.HierarchicalTestEngine.execute(HierarchicalTestEngine.java:54)
	at org.junit.platform.launcher.core.EngineExecutionOrchestrator.execute(EngineExecutionOrchestrator.java:147)
	at org.junit.platform.launcher.core.EngineExecutionOrchestrator.execute(EngineExecutionOrchestrator.java:127)
	at org.junit.platform.launcher.core.EngineExecutionOrchestrator.execute(EngineExecutionOrchestrator.java:90)
	at org.junit.platform.launcher.core.EngineExecutionOrchestrator.lambda$execute$0(EngineExecutionOrchestrator.java:55)
	at org.junit.platform.launcher.core.EngineExecutionOrchestrator.withInterceptedStreams(EngineExecutionOrchestrator.java:102)
	at org.junit.platform.launcher.core.EngineExecutionOrchestrator.execute(EngineExecutionOrchestrator.java:54)
	at org.junit.platform.launcher.core.DefaultLauncher.execute(DefaultLauncher.java:114)
	at org.junit.platform.launcher.core.DefaultLauncher.execute(DefaultLauncher.java:86)
	at org.junit.platform.launcher.core.DefaultLauncherSession$DelegatingLauncher.execute(DefaultLauncherSession.java:86)
	at org.apache.maven.surefire.junitplatform.LazyLauncher.execute(LazyLauncher.java:50)
	at org.apache.maven.surefire.junitplatform.JUnitPlatformProvider.execute(JUnitPlatformProvider.java:184)
	at org.apache.maven.surefire.junitplatform.JUnitPlatformProvider.invokeAllTests(JUnitPlatformProvider.java:148)
	at org.apache.maven.surefire.junitplatform.JUnitPlatformProvider.invoke(JUnitPlatformProvider.java:122)
	at org.apache.maven.surefire.booter.ForkedBooter.runSuitesInProcess(ForkedBooter.java:385)
	at org.apache.maven.surefire.booter.ForkedBooter.execute(ForkedBooter.java:162)
	at org.apache.maven.surefire.booter.ForkedBooter.run(ForkedBooter.java:507)
	at org.apache.maven.surefire.booter.ForkedBooter.main(ForkedBooter.java:495)
]]></failure>
    <system-out><![CDATA[2023-09-18 14:30:10,277 INFO  [io.quarkus] (main) calculadomvc 1.0.0-SNAPSHOT on JVM (powered by Quarkus 3.2.4.Final) started in 2.731s. Listening on: http://localhost:8081
2023-09-18 14:30:10,279 INFO  [io.quarkus] (main) Profile test activated. 
2023-09-18 14:30:10,279 INFO  [io.quarkus] (main) Installed features: [cdi, qute, resteasy, resteasy-qute, smallrye-context-propagation, vertx]
]]></system-out>
  </testcase>
</testsuite>